[24-Apr-2019 01:10:15 UTC] PHP Warning:  include(dbConnection.php): failed to open stream: No such file or directory in /home/ubuntu/workspace/cst336/labs/8/php/addLikes.php on line 4
[24-Apr-2019 01:10:15 UTC] PHP Stack trace:
[24-Apr-2019 01:10:15 UTC] PHP   1. {main}() /home/ubuntu/workspace/cst336/labs/8/php/addLikes.php:0
[24-Apr-2019 01:10:15 UTC] PHP Warning:  include(): Failed opening 'dbConnection.php' for inclusion (include_path='.:/usr/share/php:/usr/share/pear') in /home/ubuntu/workspace/cst336/labs/8/php/addLikes.php on line 4
[24-Apr-2019 01:10:15 UTC] PHP Stack trace:
[24-Apr-2019 01:10:15 UTC] PHP   1. {main}() /home/ubuntu/workspace/cst336/labs/8/php/addLikes.php:0
[24-Apr-2019 01:10:15 UTC] PHP Fatal error:  Call to undefined function getDatabaseConnection() in /home/ubuntu/workspace/cst336/labs/8/php/addLikes.php on line 5
[24-Apr-2019 01:10:15 UTC] PHP Stack trace:
[24-Apr-2019 01:10:15 UTC] PHP   1. {main}() /home/ubuntu/workspace/cst336/labs/8/php/addLikes.php:0
[24-Apr-2019 01:11:10 UTC] PHP Warning:  include(dbConnection.php): failed to open stream: No such file or directory in /home/ubuntu/workspace/cst336/labs/8/php/addLikes.php on line 4
[24-Apr-2019 01:11:10 UTC] PHP Stack trace:
[24-Apr-2019 01:11:10 UTC] PHP   1. {main}() /home/ubuntu/workspace/cst336/labs/8/php/addLikes.php:0
[24-Apr-2019 01:11:10 UTC] PHP Warning:  include(): Failed opening 'dbConnection.php' for inclusion (include_path='.:/usr/share/php:/usr/share/pear') in /home/ubuntu/workspace/cst336/labs/8/php/addLikes.php on line 4
[24-Apr-2019 01:11:10 UTC] PHP Stack trace:
[24-Apr-2019 01:11:10 UTC] PHP   1. {main}() /home/ubuntu/workspace/cst336/labs/8/php/addLikes.php:0
[24-Apr-2019 01:11:10 UTC] PHP Fatal error:  Call to undefined function getDatabaseConnection() in /home/ubuntu/workspace/cst336/labs/8/php/addLikes.php on line 5
[24-Apr-2019 01:11:10 UTC] PHP Stack trace:
[24-Apr-2019 01:11:10 UTC] PHP   1. {main}() /home/ubuntu/workspace/cst336/labs/8/php/addLikes.php:0
[24-Apr-2019 01:11:55 UTC] PHP Warning:  include(dbConnection.php): failed to open stream: No such file or directory in /home/ubuntu/workspace/cst336/labs/8/php/addLikes.php on line 4
[24-Apr-2019 01:11:55 UTC] PHP Stack trace:
[24-Apr-2019 01:11:55 UTC] PHP   1. {main}() /home/ubuntu/workspace/cst336/labs/8/php/addLikes.php:0
[24-Apr-2019 01:11:55 UTC] PHP Warning:  include(): Failed opening 'dbConnection.php' for inclusion (include_path='.:/usr/share/php:/usr/share/pear') in /home/ubuntu/workspace/cst336/labs/8/php/addLikes.php on line 4
[24-Apr-2019 01:11:55 UTC] PHP Stack trace:
[24-Apr-2019 01:11:55 UTC] PHP   1. {main}() /home/ubuntu/workspace/cst336/labs/8/php/addLikes.php:0
[24-Apr-2019 01:11:55 UTC] PHP Fatal error:  Call to undefined function getDatabaseConnection() in /home/ubuntu/workspace/cst336/labs/8/php/addLikes.php on line 5
[24-Apr-2019 01:11:55 UTC] PHP Stack trace:
[24-Apr-2019 01:11:55 UTC] PHP   1. {main}() /home/ubuntu/workspace/cst336/labs/8/php/addLikes.php:0
[24-Apr-2019 01:12:37 UTC] PHP Warning:  include(dbConnection.php): failed to open stream: No such file or directory in /home/ubuntu/workspace/cst336/labs/8/php/addLikes.php on line 4
[24-Apr-2019 01:12:37 UTC] PHP Stack trace:
[24-Apr-2019 01:12:37 UTC] PHP   1. {main}() /home/ubuntu/workspace/cst336/labs/8/php/addLikes.php:0
[24-Apr-2019 01:12:37 UTC] PHP Warning:  include(): Failed opening 'dbConnection.php' for inclusion (include_path='.:/usr/share/php:/usr/share/pear') in /home/ubuntu/workspace/cst336/labs/8/php/addLikes.php on line 4
[24-Apr-2019 01:12:37 UTC] PHP Stack trace:
[24-Apr-2019 01:12:37 UTC] PHP   1. {main}() /home/ubuntu/workspace/cst336/labs/8/php/addLikes.php:0
[24-Apr-2019 01:12:37 UTC] PHP Fatal error:  Call to undefined function getDatabaseConnection() in /home/ubuntu/workspace/cst336/labs/8/php/addLikes.php on line 5
[24-Apr-2019 01:12:37 UTC] PHP Stack trace:
[24-Apr-2019 01:12:37 UTC] PHP   1. {main}() /home/ubuntu/workspace/cst336/labs/8/php/addLikes.php:0
[24-Apr-2019 01:13:31 UTC] PHP Warning:  include(dbConnection.php): failed to open stream: No such file or directory in /home/ubuntu/workspace/cst336/labs/8/php/addLikes.php on line 4
[24-Apr-2019 01:13:31 UTC] PHP Stack trace:
[24-Apr-2019 01:13:31 UTC] PHP   1. {main}() /home/ubuntu/workspace/cst336/labs/8/php/addLikes.php:0
[24-Apr-2019 01:13:31 UTC] PHP Warning:  include(): Failed opening 'dbConnection.php' for inclusion (include_path='.:/usr/share/php:/usr/share/pear') in /home/ubuntu/workspace/cst336/labs/8/php/addLikes.php on line 4
[24-Apr-2019 01:13:31 UTC] PHP Stack trace:
[24-Apr-2019 01:13:31 UTC] PHP   1. {main}() /home/ubuntu/workspace/cst336/labs/8/php/addLikes.php:0
[24-Apr-2019 01:13:31 UTC] PHP Fatal error:  Call to undefined function getDatabaseConnection() in /home/ubuntu/workspace/cst336/labs/8/php/addLikes.php on line 5
[24-Apr-2019 01:13:31 UTC] PHP Stack trace:
[24-Apr-2019 01:13:31 UTC] PHP   1. {main}() /home/ubuntu/workspace/cst336/labs/8/php/addLikes.php:0
[24-Apr-2019 02:04:52 UTC] PHP Fatal error:  Uncaught exception 'PDOException' with message 'SQLSTATE[42000]: Syntax error or access violation: 1064 You have an error in your SQL syntax; check the manual that corresponds to your MySQL server version for the right syntax to use near '://pixabay.com/get/e831b2072bfc003ed1584d05fb1d4393eb7ee6d611ac104490f6c17ea6e9b' at line 1' in /home/ubuntu/workspace/cst336/labs/8/php/removeLikes.php:12
Stack trace:
#0 /home/ubuntu/workspace/cst336/labs/8/php/removeLikes.php(12): PDOStatement->execute()
#1 {main}
  thrown in /home/ubuntu/workspace/cst336/labs/8/php/removeLikes.php on line 12
[24-Apr-2019 02:07:14 UTC] PHP Fatal error:  Uncaught exception 'PDOException' with message 'SQLSTATE[42000]: Syntax error or access violation: 1064 You have an error in your SQL syntax; check the manual that corresponds to your MySQL server version for the right syntax to use near '://pixabay.com/get/e831b2072bf3093ed1584d05fb1d4393eb7ee6d611ac104490f6c17ea6ebb' at line 1' in /home/ubuntu/workspace/cst336/labs/8/php/removeLikes.php:12
Stack trace:
#0 /home/ubuntu/workspace/cst336/labs/8/php/removeLikes.php(12): PDOStatement->execute()
#1 {main}
  thrown in /home/ubuntu/workspace/cst336/labs/8/php/removeLikes.php on line 12
[24-Apr-2019 02:08:51 UTC] PHP Fatal error:  Uncaught exception 'PDOException' with message 'SQLSTATE[42000]: Syntax error or access violation: 1064 You have an error in your SQL syntax; check the manual that corresponds to your MySQL server version for the right syntax to use near '://pixabay.com/get/e831b2072bf3093ed1584d05fb1d4393eb7ee6d611ac104490f6c17ea6eab' at line 1' in /home/ubuntu/workspace/cst336/labs/8/php/removeLikes.php:12
Stack trace:
#0 /home/ubuntu/workspace/cst336/labs/8/php/removeLikes.php(12): PDOStatement->execute()
#1 {main}
  thrown in /home/ubuntu/workspace/cst336/labs/8/php/removeLikes.php on line 12
[24-Apr-2019 22:50:53 UTC] PHP Fatal error:  Uncaught exception 'PDOException' with message 'SQLSTATE[HY000] [1049] Unknown database 'image_grid'' in /home/ubuntu/workspace/labs/Lab8_Images/dbConnection.php:21
Stack trace:
#0 /home/ubuntu/workspace/labs/Lab8_Images/dbConnection.php(21): PDO->__construct('mysql:host=loca...', 'root', '')
#1 /home/ubuntu/workspace/labs/Lab8_Images/php/getAll.php(5): getDatabaseConnection('image_grid')
#2 {main}
  thrown in /home/ubuntu/workspace/labs/Lab8_Images/dbConnection.php on line 21
[03-May-2019 23:20:14 UTC] PHP Fatal error:  Uncaught exception 'PDOException' with message 'SQLSTATE[HY000] [1049] Unknown database 'image_grid'' in /home/ubuntu/workspace/labs/Lab8_Images/dbConnection.php:21
Stack trace:
#0 /home/ubuntu/workspace/labs/Lab8_Images/dbConnection.php(21): PDO->__construct('mysql:host=loca...', 'root', '')
#1 /home/ubuntu/workspace/labs/Lab8_Images/php/addLikes.php(5): getDatabaseConnection('image_grid')
#2 {main}
  thrown in /home/ubuntu/workspace/labs/Lab8_Images/dbConnection.php on line 21
[03-May-2019 23:20:18 UTC] PHP Fatal error:  Uncaught exception 'PDOException' with message 'SQLSTATE[HY000] [1049] Unknown database 'image_grid'' in /home/ubuntu/workspace/labs/Lab8_Images/dbConnection.php:21
Stack trace:
#0 /home/ubuntu/workspace/labs/Lab8_Images/dbConnection.php(21): PDO->__construct('mysql:host=loca...', 'root', '')
#1 /home/ubuntu/workspace/labs/Lab8_Images/php/removeLikes.php(5): getDatabaseConnection('image_grid')
#2 {main}
  thrown in /home/ubuntu/workspace/labs/Lab8_Images/dbConnection.php on line 21
[03-May-2019 23:20:20 UTC] PHP Fatal error:  Uncaught exception 'PDOException' with message 'SQLSTATE[HY000] [1049] Unknown database 'image_grid'' in /home/ubuntu/workspace/labs/Lab8_Images/dbConnection.php:21
Stack trace:
#0 /home/ubuntu/workspace/labs/Lab8_Images/dbConnection.php(21): PDO->__construct('mysql:host=loca...', 'root', '')
#1 /home/ubuntu/workspace/labs/Lab8_Images/php/addLikes.php(5): getDatabaseConnection('image_grid')
#2 {main}
  thrown in /home/ubuntu/workspace/labs/Lab8_Images/dbConnection.php on line 21
[03-May-2019 23:20:23 UTC] PHP Fatal error:  Uncaught exception 'PDOException' with message 'SQLSTATE[HY000] [1049] Unknown database 'image_grid'' in /home/ubuntu/workspace/labs/Lab8_Images/dbConnection.php:21
Stack trace:
#0 /home/ubuntu/workspace/labs/Lab8_Images/dbConnection.php(21): PDO->__construct('mysql:host=loca...', 'root', '')
#1 /home/ubuntu/workspace/labs/Lab8_Images/php/removeLikes.php(5): getDatabaseConnection('image_grid')
#2 {main}
  thrown in /home/ubuntu/workspace/labs/Lab8_Images/dbConnection.php on line 21
[03-May-2019 23:20:23 UTC] PHP Fatal error:  Uncaught exception 'PDOException' with message 'SQLSTATE[HY000] [1049] Unknown database 'image_grid'' in /home/ubuntu/workspace/labs/Lab8_Images/dbConnection.php:21
Stack trace:
#0 /home/ubuntu/workspace/labs/Lab8_Images/dbConnection.php(21): PDO->__construct('mysql:host=loca...', 'root', '')
#1 /home/ubuntu/workspace/labs/Lab8_Images/php/addLikes.php(5): getDatabaseConnection('image_grid')
#2 {main}
  thrown in /home/ubuntu/workspace/labs/Lab8_Images/dbConnection.php on line 21
[03-May-2019 23:20:24 UTC] PHP Fatal error:  Uncaught exception 'PDOException' with message 'SQLSTATE[HY000] [1049] Unknown database 'image_grid'' in /home/ubuntu/workspace/labs/Lab8_Images/dbConnection.php:21
Stack trace:
#0 /home/ubuntu/workspace/labs/Lab8_Images/dbConnection.php(21): PDO->__construct('mysql:host=loca...', 'root', '')
#1 /home/ubuntu/workspace/labs/Lab8_Images/php/removeLikes.php(5): getDatabaseConnection('image_grid')
#2 {main}
  thrown in /home/ubuntu/workspace/labs/Lab8_Images/dbConnection.php on line 21
[03-May-2019 23:20:24 UTC] PHP Fatal error:  Uncaught exception 'PDOException' with message 'SQLSTATE[HY000] [1049] Unknown database 'image_grid'' in /home/ubuntu/workspace/labs/Lab8_Images/dbConnection.php:21
Stack trace:
#0 /home/ubuntu/workspace/labs/Lab8_Images/dbConnection.php(21): PDO->__construct('mysql:host=loca...', 'root', '')
#1 /home/ubuntu/workspace/labs/Lab8_Images/php/addLikes.php(5): getDatabaseConnection('image_grid')
#2 {main}
  thrown in /home/ubuntu/workspace/labs/Lab8_Images/dbConnection.php on line 21
[03-May-2019 23:20:26 UTC] PHP Fatal error:  Uncaught exception 'PDOException' with message 'SQLSTATE[HY000] [1049] Unknown database 'image_grid'' in /home/ubuntu/workspace/labs/Lab8_Images/dbConnection.php:21
Stack trace:
#0 /home/ubuntu/workspace/labs/Lab8_Images/dbConnection.php(21): PDO->__construct('mysql:host=loca...', 'root', '')
#1 /home/ubuntu/workspace/labs/Lab8_Images/php/removeLikes.php(5): getDatabaseConnection('image_grid')
#2 {main}
  thrown in /home/ubuntu/workspace/labs/Lab8_Images/dbConnection.php on line 21
[03-May-2019 23:20:28 UTC] PHP Fatal error:  Uncaught exception 'PDOException' with message 'SQLSTATE[HY000] [1049] Unknown database 'image_grid'' in /home/ubuntu/workspace/labs/Lab8_Images/dbConnection.php:21
Stack trace:
#0 /home/ubuntu/workspace/labs/Lab8_Images/dbConnection.php(21): PDO->__construct('mysql:host=loca...', 'root', '')
#1 /home/ubuntu/workspace/labs/Lab8_Images/php/getAll.php(5): getDatabaseConnection('image_grid')
#2 {main}
  thrown in /home/ubuntu/workspace/labs/Lab8_Images/dbConnection.php on line 21
[03-May-2019 23:20:30 UTC] PHP Fatal error:  Uncaught exception 'PDOException' with message 'SQLSTATE[HY000] [1049] Unknown database 'image_grid'' in /home/ubuntu/workspace/labs/Lab8_Images/dbConnection.php:21
Stack trace:
#0 /home/ubuntu/workspace/labs/Lab8_Images/dbConnection.php(21): PDO->__construct('mysql:host=loca...', 'root', '')
#1 /home/ubuntu/workspace/labs/Lab8_Images/php/getAll.php(5): getDatabaseConnection('image_grid')
#2 {main}
  thrown in /home/ubuntu/workspace/labs/Lab8_Images/dbConnection.php on line 21
[03-May-2019 23:20:32 UTC] PHP Fatal error:  Uncaught exception 'PDOException' with message 'SQLSTATE[HY000] [1049] Unknown database 'image_grid'' in /home/ubuntu/workspace/labs/Lab8_Images/dbConnection.php:21
Stack trace:
#0 /home/ubuntu/workspace/labs/Lab8_Images/dbConnection.php(21): PDO->__construct('mysql:host=loca...', 'root', '')
#1 /home/ubuntu/workspace/labs/Lab8_Images/php/getAll.php(5): getDatabaseConnection('image_grid')
#2 {main}
  thrown in /home/ubuntu/workspace/labs/Lab8_Images/dbConnection.php on line 21
[03-May-2019 23:20:32 UTC] PHP Fatal error:  Uncaught exception 'PDOException' with message 'SQLSTATE[HY000] [1049] Unknown database 'image_grid'' in /home/ubuntu/workspace/labs/Lab8_Images/dbConnection.php:21
Stack trace:
#0 /home/ubuntu/workspace/labs/Lab8_Images/dbConnection.php(21): PDO->__construct('mysql:host=loca...', 'root', '')
#1 /home/ubuntu/workspace/labs/Lab8_Images/php/getAll.php(5): getDatabaseConnection('image_grid')
#2 {main}
  thrown in /home/ubuntu/workspace/labs/Lab8_Images/dbConnection.php on line 21
[03-May-2019 23:20:33 UTC] PHP Fatal error:  Uncaught exception 'PDOException' with message 'SQLSTATE[HY000] [1049] Unknown database 'image_grid'' in /home/ubuntu/workspace/labs/Lab8_Images/dbConnection.php:21
Stack trace:
#0 /home/ubuntu/workspace/labs/Lab8_Images/dbConnection.php(21): PDO->__construct('mysql:host=loca...', 'root', '')
#1 /home/ubuntu/workspace/labs/Lab8_Images/php/getAll.php(5): getDatabaseConnection('image_grid')
#2 {main}
  thrown in /home/ubuntu/workspace/labs/Lab8_Images/dbConnection.php on line 21
[03-May-2019 23:20:35 UTC] PHP Fatal error:  Uncaught exception 'PDOException' with message 'SQLSTATE[HY000] [1049] Unknown database 'image_grid'' in /home/ubuntu/workspace/labs/Lab8_Images/dbConnection.php:21
Stack trace:
#0 /home/ubuntu/workspace/labs/Lab8_Images/dbConnection.php(21): PDO->__construct('mysql:host=loca...', 'root', '')
#1 /home/ubuntu/workspace/labs/Lab8_Images/php/getAll.php(5): getDatabaseConnection('image_grid')
#2 {main}
  thrown in /home/ubuntu/workspace/labs/Lab8_Images/dbConnection.php on line 21
[03-May-2019 23:20:36 UTC] PHP Fatal error:  Uncaught exception 'PDOException' with message 'SQLSTATE[HY000] [1049] Unknown database 'image_grid'' in /home/ubuntu/workspace/labs/Lab8_Images/dbConnection.php:21
Stack trace:
#0 /home/ubuntu/workspace/labs/Lab8_Images/dbConnection.php(21): PDO->__construct('mysql:host=loca...', 'root', '')
#1 /home/ubuntu/workspace/labs/Lab8_Images/php/addLikes.php(5): getDatabaseConnection('image_grid')
#2 {main}
  thrown in /home/ubuntu/workspace/labs/Lab8_Images/dbConnection.php on line 21
[03-May-2019 23:20:37 UTC] PHP Fatal error:  Uncaught exception 'PDOException' with message 'SQLSTATE[HY000] [1049] Unknown database 'image_grid'' in /home/ubuntu/workspace/labs/Lab8_Images/dbConnection.php:21
Stack trace:
#0 /home/ubuntu/workspace/labs/Lab8_Images/dbConnection.php(21): PDO->__construct('mysql:host=loca...', 'root', '')
#1 /home/ubuntu/workspace/labs/Lab8_Images/php/removeLikes.php(5): getDatabaseConnection('image_grid')
#2 {main}
  thrown in /home/ubuntu/workspace/labs/Lab8_Images/dbConnection.php on line 21
[03-May-2019 23:20:38 UTC] PHP Fatal error:  Uncaught exception 'PDOException' with message 'SQLSTATE[HY000] [1049] Unknown database 'image_grid'' in /home/ubuntu/workspace/labs/Lab8_Images/dbConnection.php:21
Stack trace:
#0 /home/ubuntu/workspace/labs/Lab8_Images/dbConnection.php(21): PDO->__construct('mysql:host=loca...', 'root', '')
#1 /home/ubuntu/workspace/labs/Lab8_Images/php/addLikes.php(5): getDatabaseConnection('image_grid')
#2 {main}
  thrown in /home/ubuntu/workspace/labs/Lab8_Images/dbConnection.php on line 21
[03-May-2019 23:20:38 UTC] PHP Fatal error:  Uncaught exception 'PDOException' with message 'SQLSTATE[HY000] [1049] Unknown database 'image_grid'' in /home/ubuntu/workspace/labs/Lab8_Images/dbConnection.php:21
Stack trace:
#0 /home/ubuntu/workspace/labs/Lab8_Images/dbConnection.php(21): PDO->__construct('mysql:host=loca...', 'root', '')
#1 /home/ubuntu/workspace/labs/Lab8_Images/php/removeLikes.php(5): getDatabaseConnection('image_grid')
#2 {main}
  thrown in /home/ubuntu/workspace/labs/Lab8_Images/dbConnection.php on line 21
[03-May-2019 23:20:39 UTC] PHP Fatal error:  Uncaught exception 'PDOException' with message 'SQLSTATE[HY000] [1049] Unknown database 'image_grid'' in /home/ubuntu/workspace/labs/Lab8_Images/dbConnection.php:21
Stack trace:
#0 /home/ubuntu/workspace/labs/Lab8_Images/dbConnection.php(21): PDO->__construct('mysql:host=loca...', 'root', '')
#1 /home/ubuntu/workspace/labs/Lab8_Images/php/addLikes.php(5): getDatabaseConnection('image_grid')
#2 {main}
  thrown in /home/ubuntu/workspace/labs/Lab8_Images/dbConnection.php on line 21
[03-May-2019 23:20:40 UTC] PHP Fatal error:  Uncaught exception 'PDOException' with message 'SQLSTATE[HY000] [1049] Unknown database 'image_grid'' in /home/ubuntu/workspace/labs/Lab8_Images/dbConnection.php:21
Stack trace:
#0 /home/ubuntu/workspace/labs/Lab8_Images/dbConnection.php(21): PDO->__construct('mysql:host=loca...', 'root', '')
#1 /home/ubuntu/workspace/labs/Lab8_Images/php/removeLikes.php(5): getDatabaseConnection('image_grid')
#2 {main}
  thrown in /home/ubuntu/workspace/labs/Lab8_Images/dbConnection.php on line 21
[03-May-2019 23:20:41 UTC] PHP Fatal error:  Uncaught exception 'PDOException' with message 'SQLSTATE[HY000] [1049] Unknown database 'image_grid'' in /home/ubuntu/workspace/labs/Lab8_Images/dbConnection.php:21
Stack trace:
#0 /home/ubuntu/workspace/labs/Lab8_Images/dbConnection.php(21): PDO->__construct('mysql:host=loca...', 'root', '')
#1 /home/ubuntu/workspace/labs/Lab8_Images/php/addLikes.php(5): getDatabaseConnection('image_grid')
#2 {main}
  thrown in /home/ubuntu/workspace/labs/Lab8_Images/dbConnection.php on line 21
[03-May-2019 23:20:42 UTC] PHP Fatal error:  Uncaught exception 'PDOException' with message 'SQLSTATE[HY000] [1049] Unknown database 'image_grid'' in /home/ubuntu/workspace/labs/Lab8_Images/dbConnection.php:21
Stack trace:
#0 /home/ubuntu/workspace/labs/Lab8_Images/dbConnection.php(21): PDO->__construct('mysql:host=loca...', 'root', '')
#1 /home/ubuntu/workspace/labs/Lab8_Images/php/removeLikes.php(5): getDatabaseConnection('image_grid')
#2 {main}
  thrown in /home/ubuntu/workspace/labs/Lab8_Images/dbConnection.php on line 21
[03-May-2019 23:20:42 UTC] PHP Fatal error:  Uncaught exception 'PDOException' with message 'SQLSTATE[HY000] [1049] Unknown database 'image_grid'' in /home/ubuntu/workspace/labs/Lab8_Images/dbConnection.php:21
Stack trace:
#0 /home/ubuntu/workspace/labs/Lab8_Images/dbConnection.php(21): PDO->__construct('mysql:host=loca...', 'root', '')
#1 /home/ubuntu/workspace/labs/Lab8_Images/php/addLikes.php(5): getDatabaseConnection('image_grid')
#2 {main}
  thrown in /home/ubuntu/workspace/labs/Lab8_Images/dbConnection.php on line 21
[03-May-2019 23:20:43 UTC] PHP Fatal error:  Uncaught exception 'PDOException' with message 'SQLSTATE[HY000] [1049] Unknown database 'image_grid'' in /home/ubuntu/workspace/labs/Lab8_Images/dbConnection.php:21
Stack trace:
#0 /home/ubuntu/workspace/labs/Lab8_Images/dbConnection.php(21): PDO->__construct('mysql:host=loca...', 'root', '')
#1 /home/ubuntu/workspace/labs/Lab8_Images/php/removeLikes.php(5): getDatabaseConnection('image_grid')
#2 {main}
  thrown in /home/ubuntu/workspace/labs/Lab8_Images/dbConnection.php on line 21
[03-May-2019 23:20:44 UTC] PHP Fatal error:  Uncaught exception 'PDOException' with message 'SQLSTATE[HY000] [1049] Unknown database 'image_grid'' in /home/ubuntu/workspace/labs/Lab8_Images/dbConnection.php:21
Stack trace:
#0 /home/ubuntu/workspace/labs/Lab8_Images/dbConnection.php(21): PDO->__construct('mysql:host=loca...', 'root', '')
#1 /home/ubuntu/workspace/labs/Lab8_Images/php/addLikes.php(5): getDatabaseConnection('image_grid')
#2 {main}
  thrown in /home/ubuntu/workspace/labs/Lab8_Images/dbConnection.php on line 21
[03-May-2019 23:20:46 UTC] PHP Fatal error:  Uncaught exception 'PDOException' with message 'SQLSTATE[HY000] [1049] Unknown database 'image_grid'' in /home/ubuntu/workspace/labs/Lab8_Images/dbConnection.php:21
Stack trace:
#0 /home/ubuntu/workspace/labs/Lab8_Images/dbConnection.php(21): PDO->__construct('mysql:host=loca...', 'root', '')
#1 /home/ubuntu/workspace/labs/Lab8_Images/php/removeLikes.php(5): getDatabaseConnection('image_grid')
#2 {main}
  thrown in /home/ubuntu/workspace/labs/Lab8_Images/dbConnection.php on line 21
[03-May-2019 23:20:47 UTC] PHP Fatal error:  Uncaught exception 'PDOException' with message 'SQLSTATE[HY000] [1049] Unknown database 'image_grid'' in /home/ubuntu/workspace/labs/Lab8_Images/dbConnection.php:21
Stack trace:
#0 /home/ubuntu/workspace/labs/Lab8_Images/dbConnection.php(21): PDO->__construct('mysql:host=loca...', 'root', '')
#1 /home/ubuntu/workspace/labs/Lab8_Images/php/addLikes.php(5): getDatabaseConnection('image_grid')
#2 {main}
  thrown in /home/ubuntu/workspace/labs/Lab8_Images/dbConnection.php on line 21
