[02-May-2019 01:17:58 UTC] PHP Fatal error:  Uncaught exception 'PDOException' with message 'SQLSTATE[HY000] [1049] Unknown database 'project5'' in /home/ubuntu/workspace/project5/dbConnection.php:21
Stack trace:
#0 /home/ubuntu/workspace/project5/dbConnection.php(21): PDO->__construct('mysql:host=loca...', 'root', '')
#1 /home/ubuntu/workspace/project5/upload.php(5): getDatabaseConnection('project5')
#2 {main}
  thrown in /home/ubuntu/workspace/project5/dbConnection.php on line 21
[02-May-2019 01:18:23 UTC] PHP Fatal error:  Uncaught exception 'PDOException' with message 'SQLSTATE[HY000] [1049] Unknown database 'project5'' in /home/ubuntu/workspace/project5/dbConnection.php:21
Stack trace:
#0 /home/ubuntu/workspace/project5/dbConnection.php(21): PDO->__construct('mysql:host=loca...', 'root', '')
#1 /home/ubuntu/workspace/project5/upload.php(5): getDatabaseConnection('project5')
#2 {main}
  thrown in /home/ubuntu/workspace/project5/dbConnection.php on line 21
[02-May-2019 01:18:26 UTC] PHP Fatal error:  Uncaught exception 'PDOException' with message 'SQLSTATE[HY000] [1049] Unknown database 'project5'' in /home/ubuntu/workspace/project5/dbConnection.php:21
Stack trace:
#0 /home/ubuntu/workspace/project5/dbConnection.php(21): PDO->__construct('mysql:host=loca...', 'root', '')
#1 /home/ubuntu/workspace/project5/upload.php(5): getDatabaseConnection('project5')
#2 {main}
  thrown in /home/ubuntu/workspace/project5/dbConnection.php on line 21
[02-May-2019 01:18:38 UTC] PHP Fatal error:  Uncaught exception 'PDOException' with message 'SQLSTATE[HY000] [1049] Unknown database 'project5'' in /home/ubuntu/workspace/project5/dbConnection.php:21
Stack trace:
#0 /home/ubuntu/workspace/project5/dbConnection.php(21): PDO->__construct('mysql:host=loca...', 'root', '')
#1 /home/ubuntu/workspace/project5/upload.php(5): getDatabaseConnection('project5')
#2 {main}
  thrown in /home/ubuntu/workspace/project5/dbConnection.php on line 21
[02-May-2019 21:45:58 UTC] PHP Fatal error:  Uncaught exception 'PDOException' with message 'SQLSTATE[HY000] [1049] Unknown database 'project5'' in /home/ubuntu/workspace/project5/dbConnection.php:21
Stack trace:
#0 /home/ubuntu/workspace/project5/dbConnection.php(21): PDO->__construct('mysql:host=loca...', 'root', '')
#1 /home/ubuntu/workspace/project5/upload.php(5): getDatabaseConnection('project5')
#2 {main}
  thrown in /home/ubuntu/workspace/project5/dbConnection.php on line 21
[02-May-2019 22:32:25 UTC] PHP Fatal error:  Uncaught exception 'PDOException' with message 'SQLSTATE[HY000] [1049] Unknown database 'project5'' in /home/ubuntu/workspace/project5/dbConnection.php:21
Stack trace:
#0 /home/ubuntu/workspace/project5/dbConnection.php(21): PDO->__construct('mysql:host=loca...', 'root', '')
#1 /home/ubuntu/workspace/project5/upload.php(5): getDatabaseConnection('project5')
#2 {main}
  thrown in /home/ubuntu/workspace/project5/dbConnection.php on line 21
[02-May-2019 22:38:43 UTC] PHP Fatal error:  Uncaught exception 'PDOException' with message 'SQLSTATE[HY000] [1049] Unknown database 'project5'' in /home/ubuntu/workspace/project5/dbConnection.php:21
Stack trace:
#0 /home/ubuntu/workspace/project5/dbConnection.php(21): PDO->__construct('mysql:host=loca...', 'root', '')
#1 /home/ubuntu/workspace/project5/upload.php(5): getDatabaseConnection('project5')
#2 {main}
  thrown in /home/ubuntu/workspace/project5/dbConnection.php on line 21
[02-May-2019 22:40:20 UTC] PHP Fatal error:  Uncaught exception 'PDOException' with message 'SQLSTATE[HY000] [1049] Unknown database 'project5'' in /home/ubuntu/workspace/project5/dbConnection.php:21
Stack trace:
#0 /home/ubuntu/workspace/project5/dbConnection.php(21): PDO->__construct('mysql:host=loca...', 'root', '')
#1 /home/ubuntu/workspace/project5/upload.php(5): getDatabaseConnection('project5')
#2 {main}
  thrown in /home/ubuntu/workspace/project5/dbConnection.php on line 21
[02-May-2019 22:40:36 UTC] PHP Fatal error:  Uncaught exception 'PDOException' with message 'SQLSTATE[HY000] [1049] Unknown database 'project5'' in /home/ubuntu/workspace/project5/dbConnection.php:21
Stack trace:
#0 /home/ubuntu/workspace/project5/dbConnection.php(21): PDO->__construct('mysql:host=loca...', 'root', '')
#1 /home/ubuntu/workspace/project5/upload.php(5): getDatabaseConnection('project5')
#2 {main}
  thrown in /home/ubuntu/workspace/project5/dbConnection.php on line 21
[13-May-2019 23:35:30 UTC] PHP Warning:  include(dbConnection.php): failed to open stream: No such file or directory in /home/ubuntu/workspace/final/addSlot.php on line 4
[13-May-2019 23:35:30 UTC] PHP Stack trace:
[13-May-2019 23:35:30 UTC] PHP   1. {main}() /home/ubuntu/workspace/final/addSlot.php:0
[13-May-2019 23:35:30 UTC] PHP Warning:  include(): Failed opening 'dbConnection.php' for inclusion (include_path='.:/usr/share/php:/usr/share/pear') in /home/ubuntu/workspace/final/addSlot.php on line 4
[13-May-2019 23:35:30 UTC] PHP Stack trace:
[13-May-2019 23:35:30 UTC] PHP   1. {main}() /home/ubuntu/workspace/final/addSlot.php:0
[13-May-2019 23:35:30 UTC] PHP Fatal error:  Call to undefined function getDatabaseConnection() in /home/ubuntu/workspace/final/addSlot.php on line 5
[13-May-2019 23:35:30 UTC] PHP Stack trace:
[13-May-2019 23:35:30 UTC] PHP   1. {main}() /home/ubuntu/workspace/final/addSlot.php:0
[13-May-2019 23:36:10 UTC] PHP Warning:  include(dbConnection.php): failed to open stream: No such file or directory in /home/ubuntu/workspace/final/addSlot.php on line 4
[13-May-2019 23:36:10 UTC] PHP Stack trace:
[13-May-2019 23:36:10 UTC] PHP   1. {main}() /home/ubuntu/workspace/final/addSlot.php:0
[13-May-2019 23:36:10 UTC] PHP Warning:  include(): Failed opening 'dbConnection.php' for inclusion (include_path='.:/usr/share/php:/usr/share/pear') in /home/ubuntu/workspace/final/addSlot.php on line 4
[13-May-2019 23:36:10 UTC] PHP Stack trace:
[13-May-2019 23:36:10 UTC] PHP   1. {main}() /home/ubuntu/workspace/final/addSlot.php:0
[13-May-2019 23:36:10 UTC] PHP Fatal error:  Call to undefined function getDatabaseConnection() in /home/ubuntu/workspace/final/addSlot.php on line 5
[13-May-2019 23:36:10 UTC] PHP Stack trace:
[13-May-2019 23:36:10 UTC] PHP   1. {main}() /home/ubuntu/workspace/final/addSlot.php:0
[13-May-2019 23:37:14 UTC] PHP Warning:  include(dbConnection.php): failed to open stream: No such file or directory in /home/ubuntu/workspace/final/addSlot.php on line 4
[13-May-2019 23:37:14 UTC] PHP Stack trace:
[13-May-2019 23:37:14 UTC] PHP   1. {main}() /home/ubuntu/workspace/final/addSlot.php:0
[13-May-2019 23:37:14 UTC] PHP Warning:  include(): Failed opening 'dbConnection.php' for inclusion (include_path='.:/usr/share/php:/usr/share/pear') in /home/ubuntu/workspace/final/addSlot.php on line 4
[13-May-2019 23:37:14 UTC] PHP Stack trace:
[13-May-2019 23:37:14 UTC] PHP   1. {main}() /home/ubuntu/workspace/final/addSlot.php:0
[13-May-2019 23:37:14 UTC] PHP Fatal error:  Call to undefined function getDatabaseConnection() in /home/ubuntu/workspace/final/addSlot.php on line 5
[13-May-2019 23:37:14 UTC] PHP Stack trace:
[13-May-2019 23:37:14 UTC] PHP   1. {main}() /home/ubuntu/workspace/final/addSlot.php:0
[13-May-2019 23:38:07 UTC] PHP Fatal error:  Call to undefined function getDatabaseConnection() in /home/ubuntu/workspace/final/addSlot.php on line 5
[13-May-2019 23:38:07 UTC] PHP Stack trace:
[13-May-2019 23:38:07 UTC] PHP   1. {main}() /home/ubuntu/workspace/final/addSlot.php:0
[13-May-2019 23:38:52 UTC] PHP Fatal error:  Uncaught exception 'PDOException' with message 'SQLSTATE[21S01]: Insert value list does not match column list: 1136 Column count doesn't match value count at row 1' in /home/ubuntu/workspace/final/addSlot.php:14
Stack trace:
#0 /home/ubuntu/workspace/final/addSlot.php(14): PDOStatement->execute()
#1 {main}
  thrown in /home/ubuntu/workspace/final/addSlot.php on line 14
[13-May-2019 23:59:17 UTC] PHP Fatal error:  Call to a member function prepare() on a non-object in /home/ubuntu/workspace/final/showTimeSlot.php on line 8
[13-May-2019 23:59:17 UTC] PHP Stack trace:
[13-May-2019 23:59:17 UTC] PHP   1. {main}() /home/ubuntu/workspace/final/showTimeSlot.php:0
[13-May-2019 23:59:17 UTC] PHP Fatal error:  Call to a member function prepare() on a non-object in /home/ubuntu/workspace/final/showTimeSlot.php on line 8
[13-May-2019 23:59:17 UTC] PHP Stack trace:
[13-May-2019 23:59:17 UTC] PHP   1. {main}() /home/ubuntu/workspace/final/showTimeSlot.php:0
[13-May-2019 23:59:25 UTC] PHP Fatal error:  Call to a member function prepare() on a non-object in /home/ubuntu/workspace/final/showTimeSlot.php on line 8
[13-May-2019 23:59:25 UTC] PHP Stack trace:
[13-May-2019 23:59:25 UTC] PHP   1. {main}() /home/ubuntu/workspace/final/showTimeSlot.php:0
[13-May-2019 23:59:45 UTC] PHP Fatal error:  Call to a member function prepare() on a non-object in /home/ubuntu/workspace/final/showTimeSlot.php on line 8
[13-May-2019 23:59:45 UTC] PHP Stack trace:
[13-May-2019 23:59:45 UTC] PHP   1. {main}() /home/ubuntu/workspace/final/showTimeSlot.php:0
