[07-Apr-2019 02:14:19 UTC] PHP Fatal error:  Uncaught exception 'PDOException' with message 'SQLSTATE[HY000] [1045] Access denied for user 'jahenderson'@'localhost' (using password: NO)' in /home/ubuntu/workspace/labs/Lab7_OtterAdmin/login.php:34
Stack trace:
#0 /home/ubuntu/workspace/labs/Lab7_OtterAdmin/login.php(34): PDO->__construct('mysql:host=127....', 'jahenderson', '')
#1 {main}
  thrown in /home/ubuntu/workspace/labs/Lab7_OtterAdmin/login.php on line 34
[07-Apr-2019 02:14:25 UTC] PHP Fatal error:  Uncaught exception 'PDOException' with message 'SQLSTATE[HY000] [1045] Access denied for user 'jahenderson'@'localhost' (using password: NO)' in /home/ubuntu/workspace/labs/Lab7_OtterAdmin/login.php:34
Stack trace:
#0 /home/ubuntu/workspace/labs/Lab7_OtterAdmin/login.php(34): PDO->__construct('mysql:host=127....', 'jahenderson', '')
#1 {main}
  thrown in /home/ubuntu/workspace/labs/Lab7_OtterAdmin/login.php on line 34
[07-Apr-2019 02:14:26 UTC] PHP Fatal error:  Uncaught exception 'PDOException' with message 'SQLSTATE[HY000] [1045] Access denied for user 'jahenderson'@'localhost' (using password: NO)' in /home/ubuntu/workspace/labs/Lab7_OtterAdmin/login.php:34
Stack trace:
#0 /home/ubuntu/workspace/labs/Lab7_OtterAdmin/login.php(34): PDO->__construct('mysql:host=127....', 'jahenderson', '')
#1 {main}
  thrown in /home/ubuntu/workspace/labs/Lab7_OtterAdmin/login.php on line 34
[07-Apr-2019 02:14:29 UTC] PHP Fatal error:  Uncaught exception 'PDOException' with message 'SQLSTATE[HY000] [1045] Access denied for user 'jahenderson'@'localhost' (using password: NO)' in /home/ubuntu/workspace/labs/Lab7_OtterAdmin/login.php:34
Stack trace:
#0 /home/ubuntu/workspace/labs/Lab7_OtterAdmin/login.php(34): PDO->__construct('mysql:host=127....', 'jahenderson', '')
#1 {main}
  thrown in /home/ubuntu/workspace/labs/Lab7_OtterAdmin/login.php on line 34
[07-Apr-2019 02:14:30 UTC] PHP Fatal error:  Uncaught exception 'PDOException' with message 'SQLSTATE[HY000] [1045] Access denied for user 'jahenderson'@'localhost' (using password: NO)' in /home/ubuntu/workspace/labs/Lab7_OtterAdmin/login.php:34
Stack trace:
#0 /home/ubuntu/workspace/labs/Lab7_OtterAdmin/login.php(34): PDO->__construct('mysql:host=127....', 'jahenderson', '')
#1 {main}
  thrown in /home/ubuntu/workspace/labs/Lab7_OtterAdmin/login.php on line 34
[07-Apr-2019 02:14:30 UTC] PHP Fatal error:  Uncaught exception 'PDOException' with message 'SQLSTATE[HY000] [1045] Access denied for user 'jahenderson'@'localhost' (using password: NO)' in /home/ubuntu/workspace/labs/Lab7_OtterAdmin/login.php:34
Stack trace:
#0 /home/ubuntu/workspace/labs/Lab7_OtterAdmin/login.php(34): PDO->__construct('mysql:host=127....', 'jahenderson', '')
#1 {main}
  thrown in /home/ubuntu/workspace/labs/Lab7_OtterAdmin/login.php on line 34
[07-Apr-2019 02:14:30 UTC] PHP Fatal error:  Uncaught exception 'PDOException' with message 'SQLSTATE[HY000] [1045] Access denied for user 'jahenderson'@'localhost' (using password: NO)' in /home/ubuntu/workspace/labs/Lab7_OtterAdmin/login.php:34
Stack trace:
#0 /home/ubuntu/workspace/labs/Lab7_OtterAdmin/login.php(34): PDO->__construct('mysql:host=127....', 'jahenderson', '')
#1 {main}
  thrown in /home/ubuntu/workspace/labs/Lab7_OtterAdmin/login.php on line 34
[07-Apr-2019 02:14:30 UTC] PHP Fatal error:  Uncaught exception 'PDOException' with message 'SQLSTATE[HY000] [1045] Access denied for user 'jahenderson'@'localhost' (using password: NO)' in /home/ubuntu/workspace/labs/Lab7_OtterAdmin/login.php:34
Stack trace:
#0 /home/ubuntu/workspace/labs/Lab7_OtterAdmin/login.php(34): PDO->__construct('mysql:host=127....', 'jahenderson', '')
#1 {main}
  thrown in /home/ubuntu/workspace/labs/Lab7_OtterAdmin/login.php on line 34
[07-Apr-2019 02:14:50 UTC] PHP Fatal error:  Uncaught exception 'PDOException' with message 'SQLSTATE[HY000] [1045] Access denied for user 'jahenderson'@'localhost' (using password: NO)' in /home/ubuntu/workspace/labs/Lab7_OtterAdmin/login.php:34
Stack trace:
#0 /home/ubuntu/workspace/labs/Lab7_OtterAdmin/login.php(34): PDO->__construct('mysql:host=127....', 'jahenderson', '')
#1 {main}
  thrown in /home/ubuntu/workspace/labs/Lab7_OtterAdmin/login.php on line 34
[07-Apr-2019 02:14:50 UTC] PHP Fatal error:  Uncaught exception 'PDOException' with message 'SQLSTATE[HY000] [1045] Access denied for user 'jahenderson'@'localhost' (using password: NO)' in /home/ubuntu/workspace/labs/Lab7_OtterAdmin/login.php:34
Stack trace:
#0 /home/ubuntu/workspace/labs/Lab7_OtterAdmin/login.php(34): PDO->__construct('mysql:host=127....', 'jahenderson', '')
#1 {main}
  thrown in /home/ubuntu/workspace/labs/Lab7_OtterAdmin/login.php on line 34
[07-Apr-2019 02:14:51 UTC] PHP Fatal error:  Uncaught exception 'PDOException' with message 'SQLSTATE[HY000] [1045] Access denied for user 'jahenderson'@'localhost' (using password: NO)' in /home/ubuntu/workspace/labs/Lab7_OtterAdmin/login.php:34
Stack trace:
#0 /home/ubuntu/workspace/labs/Lab7_OtterAdmin/login.php(34): PDO->__construct('mysql:host=127....', 'jahenderson', '')
#1 {main}
  thrown in /home/ubuntu/workspace/labs/Lab7_OtterAdmin/login.php on line 34
[07-Apr-2019 02:14:51 UTC] PHP Fatal error:  Uncaught exception 'PDOException' with message 'SQLSTATE[HY000] [1045] Access denied for user 'jahenderson'@'localhost' (using password: NO)' in /home/ubuntu/workspace/labs/Lab7_OtterAdmin/login.php:34
Stack trace:
#0 /home/ubuntu/workspace/labs/Lab7_OtterAdmin/login.php(34): PDO->__construct('mysql:host=127....', 'jahenderson', '')
#1 {main}
  thrown in /home/ubuntu/workspace/labs/Lab7_OtterAdmin/login.php on line 34
[07-Apr-2019 02:22:50 UTC] PHP Fatal error:  Uncaught exception 'PDOException' with message 'SQLSTATE[HY000] [1045] Access denied for user 'jahenderson'@'localhost' (using password: NO)' in /home/ubuntu/workspace/labs/Lab7_OtterAdmin/login.php:34
Stack trace:
#0 /home/ubuntu/workspace/labs/Lab7_OtterAdmin/login.php(34): PDO->__construct('mysql:host=127....', 'jahenderson', '')
#1 {main}
  thrown in /home/ubuntu/workspace/labs/Lab7_OtterAdmin/login.php on line 34
[07-Apr-2019 02:22:50 UTC] PHP Fatal error:  Uncaught exception 'PDOException' with message 'SQLSTATE[HY000] [1045] Access denied for user 'jahenderson'@'localhost' (using password: NO)' in /home/ubuntu/workspace/labs/Lab7_OtterAdmin/login.php:34
Stack trace:
#0 /home/ubuntu/workspace/labs/Lab7_OtterAdmin/login.php(34): PDO->__construct('mysql:host=127....', 'jahenderson', '')
#1 {main}
  thrown in /home/ubuntu/workspace/labs/Lab7_OtterAdmin/login.php on line 34
[07-Apr-2019 02:22:50 UTC] PHP Fatal error:  Uncaught exception 'PDOException' with message 'SQLSTATE[HY000] [1045] Access denied for user 'jahenderson'@'localhost' (using password: NO)' in /home/ubuntu/workspace/labs/Lab7_OtterAdmin/login.php:34
Stack trace:
#0 /home/ubuntu/workspace/labs/Lab7_OtterAdmin/login.php(34): PDO->__construct('mysql:host=127....', 'jahenderson', '')
#1 {main}
  thrown in /home/ubuntu/workspace/labs/Lab7_OtterAdmin/login.php on line 34
[07-Apr-2019 02:22:50 UTC] PHP Fatal error:  Uncaught exception 'PDOException' with message 'SQLSTATE[HY000] [1045] Access denied for user 'jahenderson'@'localhost' (using password: NO)' in /home/ubuntu/workspace/labs/Lab7_OtterAdmin/login.php:34
Stack trace:
#0 /home/ubuntu/workspace/labs/Lab7_OtterAdmin/login.php(34): PDO->__construct('mysql:host=127....', 'jahenderson', '')
#1 {main}
  thrown in /home/ubuntu/workspace/labs/Lab7_OtterAdmin/login.php on line 34
[07-Apr-2019 02:22:50 UTC] PHP Fatal error:  Uncaught exception 'PDOException' with message 'SQLSTATE[HY000] [1045] Access denied for user 'jahenderson'@'localhost' (using password: NO)' in /home/ubuntu/workspace/labs/Lab7_OtterAdmin/login.php:34
Stack trace:
#0 /home/ubuntu/workspace/labs/Lab7_OtterAdmin/login.php(34): PDO->__construct('mysql:host=127....', 'jahenderson', '')
#1 {main}
  thrown in /home/ubuntu/workspace/labs/Lab7_OtterAdmin/login.php on line 34
[07-Apr-2019 02:22:51 UTC] PHP Fatal error:  Uncaught exception 'PDOException' with message 'SQLSTATE[HY000] [1045] Access denied for user 'jahenderson'@'localhost' (using password: NO)' in /home/ubuntu/workspace/labs/Lab7_OtterAdmin/login.php:34
Stack trace:
#0 /home/ubuntu/workspace/labs/Lab7_OtterAdmin/login.php(34): PDO->__construct('mysql:host=127....', 'jahenderson', '')
#1 {main}
  thrown in /home/ubuntu/workspace/labs/Lab7_OtterAdmin/login.php on line 34
[07-Apr-2019 02:22:51 UTC] PHP Fatal error:  Uncaught exception 'PDOException' with message 'SQLSTATE[HY000] [1045] Access denied for user 'jahenderson'@'localhost' (using password: NO)' in /home/ubuntu/workspace/labs/Lab7_OtterAdmin/login.php:34
Stack trace:
#0 /home/ubuntu/workspace/labs/Lab7_OtterAdmin/login.php(34): PDO->__construct('mysql:host=127....', 'jahenderson', '')
#1 {main}
  thrown in /home/ubuntu/workspace/labs/Lab7_OtterAdmin/login.php on line 34
[07-Apr-2019 02:31:31 UTC] PHP Fatal error:  Uncaught exception 'PDOException' with message 'SQLSTATE[HY000] [1045] Access denied for user 'jahenderson'@'localhost' (using password: NO)' in /home/ubuntu/workspace/labs/Lab7_OtterAdmin/login.php:34
Stack trace:
#0 /home/ubuntu/workspace/labs/Lab7_OtterAdmin/login.php(34): PDO->__construct('mysql:host=127....', 'jahenderson', '')
#1 {main}
  thrown in /home/ubuntu/workspace/labs/Lab7_OtterAdmin/login.php on line 34
[07-Apr-2019 02:31:31 UTC] PHP Fatal error:  Uncaught exception 'PDOException' with message 'SQLSTATE[HY000] [1045] Access denied for user 'jahenderson'@'localhost' (using password: NO)' in /home/ubuntu/workspace/labs/Lab7_OtterAdmin/login.php:34
Stack trace:
#0 /home/ubuntu/workspace/labs/Lab7_OtterAdmin/login.php(34): PDO->__construct('mysql:host=127....', 'jahenderson', '')
#1 {main}
  thrown in /home/ubuntu/workspace/labs/Lab7_OtterAdmin/login.php on line 34
[07-Apr-2019 02:31:31 UTC] PHP Fatal error:  Uncaught exception 'PDOException' with message 'SQLSTATE[HY000] [1045] Access denied for user 'jahenderson'@'localhost' (using password: NO)' in /home/ubuntu/workspace/labs/Lab7_OtterAdmin/login.php:34
Stack trace:
#0 /home/ubuntu/workspace/labs/Lab7_OtterAdmin/login.php(34): PDO->__construct('mysql:host=127....', 'jahenderson', '')
#1 {main}
  thrown in /home/ubuntu/workspace/labs/Lab7_OtterAdmin/login.php on line 34
[07-Apr-2019 02:31:31 UTC] PHP Fatal error:  Uncaught exception 'PDOException' with message 'SQLSTATE[HY000] [1045] Access denied for user 'jahenderson'@'localhost' (using password: NO)' in /home/ubuntu/workspace/labs/Lab7_OtterAdmin/login.php:34
Stack trace:
#0 /home/ubuntu/workspace/labs/Lab7_OtterAdmin/login.php(34): PDO->__construct('mysql:host=127....', 'jahenderson', '')
#1 {main}
  thrown in /home/ubuntu/workspace/labs/Lab7_OtterAdmin/login.php on line 34
[07-Apr-2019 02:31:31 UTC] PHP Fatal error:  Uncaught exception 'PDOException' with message 'SQLSTATE[HY000] [1045] Access denied for user 'jahenderson'@'localhost' (using password: NO)' in /home/ubuntu/workspace/labs/Lab7_OtterAdmin/login.php:34
Stack trace:
#0 /home/ubuntu/workspace/labs/Lab7_OtterAdmin/login.php(34): PDO->__construct('mysql:host=127....', 'jahenderson', '')
#1 {main}
  thrown in /home/ubuntu/workspace/labs/Lab7_OtterAdmin/login.php on line 34
[07-Apr-2019 02:31:31 UTC] PHP Fatal error:  Uncaught exception 'PDOException' with message 'SQLSTATE[HY000] [1045] Access denied for user 'jahenderson'@'localhost' (using password: NO)' in /home/ubuntu/workspace/labs/Lab7_OtterAdmin/login.php:34
Stack trace:
#0 /home/ubuntu/workspace/labs/Lab7_OtterAdmin/login.php(34): PDO->__construct('mysql:host=127....', 'jahenderson', '')
#1 {main}
  thrown in /home/ubuntu/workspace/labs/Lab7_OtterAdmin/login.php on line 34
[07-Apr-2019 02:31:38 UTC] PHP Fatal error:  Uncaught exception 'PDOException' with message 'SQLSTATE[HY000] [1045] Access denied for user 'jahenderson'@'localhost' (using password: NO)' in /home/ubuntu/workspace/labs/Lab7_OtterAdmin/login.php:34
Stack trace:
#0 /home/ubuntu/workspace/labs/Lab7_OtterAdmin/login.php(34): PDO->__construct('mysql:host=127....', 'jahenderson', '')
#1 {main}
  thrown in /home/ubuntu/workspace/labs/Lab7_OtterAdmin/login.php on line 34
[07-Apr-2019 02:31:38 UTC] PHP Fatal error:  Uncaught exception 'PDOException' with message 'SQLSTATE[HY000] [1045] Access denied for user 'jahenderson'@'localhost' (using password: NO)' in /home/ubuntu/workspace/labs/Lab7_OtterAdmin/login.php:34
Stack trace:
#0 /home/ubuntu/workspace/labs/Lab7_OtterAdmin/login.php(34): PDO->__construct('mysql:host=127....', 'jahenderson', '')
#1 {main}
  thrown in /home/ubuntu/workspace/labs/Lab7_OtterAdmin/login.php on line 34
[07-Apr-2019 02:31:38 UTC] PHP Fatal error:  Uncaught exception 'PDOException' with message 'SQLSTATE[HY000] [1045] Access denied for user 'jahenderson'@'localhost' (using password: NO)' in /home/ubuntu/workspace/labs/Lab7_OtterAdmin/login.php:34
Stack trace:
#0 /home/ubuntu/workspace/labs/Lab7_OtterAdmin/login.php(34): PDO->__construct('mysql:host=127....', 'jahenderson', '')
#1 {main}
  thrown in /home/ubuntu/workspace/labs/Lab7_OtterAdmin/login.php on line 34
[07-Apr-2019 02:31:38 UTC] PHP Fatal error:  Uncaught exception 'PDOException' with message 'SQLSTATE[HY000] [1045] Access denied for user 'jahenderson'@'localhost' (using password: NO)' in /home/ubuntu/workspace/labs/Lab7_OtterAdmin/login.php:34
Stack trace:
#0 /home/ubuntu/workspace/labs/Lab7_OtterAdmin/login.php(34): PDO->__construct('mysql:host=127....', 'jahenderson', '')
#1 {main}
  thrown in /home/ubuntu/workspace/labs/Lab7_OtterAdmin/login.php on line 34
[07-Apr-2019 02:31:38 UTC] PHP Fatal error:  Uncaught exception 'PDOException' with message 'SQLSTATE[HY000] [1045] Access denied for user 'jahenderson'@'localhost' (using password: NO)' in /home/ubuntu/workspace/labs/Lab7_OtterAdmin/login.php:34
Stack trace:
#0 /home/ubuntu/workspace/labs/Lab7_OtterAdmin/login.php(34): PDO->__construct('mysql:host=127....', 'jahenderson', '')
#1 {main}
  thrown in /home/ubuntu/workspace/labs/Lab7_OtterAdmin/login.php on line 34
[07-Apr-2019 02:32:10 UTC] PHP Fatal error:  Uncaught exception 'PDOException' with message 'SQLSTATE[HY000] [1045] Access denied for user 'Jahenderson'@'localhost' (using password: NO)' in /home/ubuntu/workspace/labs/Lab7_OtterAdmin/login.php:34
Stack trace:
#0 /home/ubuntu/workspace/labs/Lab7_OtterAdmin/login.php(34): PDO->__construct('mysql:host=127....', 'Jahenderson', '')
#1 {main}
  thrown in /home/ubuntu/workspace/labs/Lab7_OtterAdmin/login.php on line 34
[07-Apr-2019 02:32:10 UTC] PHP Fatal error:  Uncaught exception 'PDOException' with message 'SQLSTATE[HY000] [1045] Access denied for user 'Jahenderson'@'localhost' (using password: NO)' in /home/ubuntu/workspace/labs/Lab7_OtterAdmin/login.php:34
Stack trace:
#0 /home/ubuntu/workspace/labs/Lab7_OtterAdmin/login.php(34): PDO->__construct('mysql:host=127....', 'Jahenderson', '')
#1 {main}
  thrown in /home/ubuntu/workspace/labs/Lab7_OtterAdmin/login.php on line 34
[07-Apr-2019 02:32:10 UTC] PHP Fatal error:  Uncaught exception 'PDOException' with message 'SQLSTATE[HY000] [1045] Access denied for user 'Jahenderson'@'localhost' (using password: NO)' in /home/ubuntu/workspace/labs/Lab7_OtterAdmin/login.php:34
Stack trace:
#0 /home/ubuntu/workspace/labs/Lab7_OtterAdmin/login.php(34): PDO->__construct('mysql:host=127....', 'Jahenderson', '')
#1 {main}
  thrown in /home/ubuntu/workspace/labs/Lab7_OtterAdmin/login.php on line 34
[07-Apr-2019 02:32:10 UTC] PHP Fatal error:  Uncaught exception 'PDOException' with message 'SQLSTATE[HY000] [1045] Access denied for user 'Jahenderson'@'localhost' (using password: NO)' in /home/ubuntu/workspace/labs/Lab7_OtterAdmin/login.php:34
Stack trace:
#0 /home/ubuntu/workspace/labs/Lab7_OtterAdmin/login.php(34): PDO->__construct('mysql:host=127....', 'Jahenderson', '')
#1 {main}
  thrown in /home/ubuntu/workspace/labs/Lab7_OtterAdmin/login.php on line 34
[07-Apr-2019 02:33:03 UTC] PHP Fatal error:  Uncaught exception 'PDOException' with message 'SQLSTATE[HY000] [1045] Access denied for user 'Jahenderson'@'localhost' (using password: NO)' in /home/ubuntu/workspace/labs/Lab7_OtterAdmin/login.php:34
Stack trace:
#0 /home/ubuntu/workspace/labs/Lab7_OtterAdmin/login.php(34): PDO->__construct('mysql:host=127....', 'Jahenderson', '')
#1 {main}
  thrown in /home/ubuntu/workspace/labs/Lab7_OtterAdmin/login.php on line 34
[07-Apr-2019 02:33:04 UTC] PHP Fatal error:  Uncaught exception 'PDOException' with message 'SQLSTATE[HY000] [1045] Access denied for user 'Jahenderson'@'localhost' (using password: NO)' in /home/ubuntu/workspace/labs/Lab7_OtterAdmin/login.php:34
Stack trace:
#0 /home/ubuntu/workspace/labs/Lab7_OtterAdmin/login.php(34): PDO->__construct('mysql:host=127....', 'Jahenderson', '')
#1 {main}
  thrown in /home/ubuntu/workspace/labs/Lab7_OtterAdmin/login.php on line 34
[07-Apr-2019 02:33:04 UTC] PHP Fatal error:  Uncaught exception 'PDOException' with message 'SQLSTATE[HY000] [1045] Access denied for user 'Jahenderson'@'localhost' (using password: NO)' in /home/ubuntu/workspace/labs/Lab7_OtterAdmin/login.php:34
Stack trace:
#0 /home/ubuntu/workspace/labs/Lab7_OtterAdmin/login.php(34): PDO->__construct('mysql:host=127....', 'Jahenderson', '')
#1 {main}
  thrown in /home/ubuntu/workspace/labs/Lab7_OtterAdmin/login.php on line 34
[07-Apr-2019 02:33:04 UTC] PHP Fatal error:  Uncaught exception 'PDOException' with message 'SQLSTATE[HY000] [1045] Access denied for user 'Jahenderson'@'localhost' (using password: NO)' in /home/ubuntu/workspace/labs/Lab7_OtterAdmin/login.php:34
Stack trace:
#0 /home/ubuntu/workspace/labs/Lab7_OtterAdmin/login.php(34): PDO->__construct('mysql:host=127....', 'Jahenderson', '')
#1 {main}
  thrown in /home/ubuntu/workspace/labs/Lab7_OtterAdmin/login.php on line 34
[07-Apr-2019 02:33:04 UTC] PHP Fatal error:  Uncaught exception 'PDOException' with message 'SQLSTATE[HY000] [1045] Access denied for user 'Jahenderson'@'localhost' (using password: NO)' in /home/ubuntu/workspace/labs/Lab7_OtterAdmin/login.php:34
Stack trace:
#0 /home/ubuntu/workspace/labs/Lab7_OtterAdmin/login.php(34): PDO->__construct('mysql:host=127....', 'Jahenderson', '')
#1 {main}
  thrown in /home/ubuntu/workspace/labs/Lab7_OtterAdmin/login.php on line 34
[07-Apr-2019 20:25:00 UTC] PHP Fatal error:  Uncaught exception 'PDOException' with message 'SQLSTATE[HY000] [1045] Access denied for user 'Jahenderson'@'localhost' (using password: NO)' in /home/ubuntu/workspace/labs/Lab7_OtterAdmin/login.php:34
Stack trace:
#0 /home/ubuntu/workspace/labs/Lab7_OtterAdmin/login.php(34): PDO->__construct('mysql:host=127....', 'Jahenderson', '')
#1 {main}
  thrown in /home/ubuntu/workspace/labs/Lab7_OtterAdmin/login.php on line 34
[07-Apr-2019 20:25:00 UTC] PHP Fatal error:  Uncaught exception 'PDOException' with message 'SQLSTATE[HY000] [1045] Access denied for user 'Jahenderson'@'localhost' (using password: NO)' in /home/ubuntu/workspace/labs/Lab7_OtterAdmin/login.php:34
Stack trace:
#0 /home/ubuntu/workspace/labs/Lab7_OtterAdmin/login.php(34): PDO->__construct('mysql:host=127....', 'Jahenderson', '')
#1 {main}
  thrown in /home/ubuntu/workspace/labs/Lab7_OtterAdmin/login.php on line 34
[07-Apr-2019 20:25:00 UTC] PHP Fatal error:  Uncaught exception 'PDOException' with message 'SQLSTATE[HY000] [1045] Access denied for user 'Jahenderson'@'localhost' (using password: NO)' in /home/ubuntu/workspace/labs/Lab7_OtterAdmin/login.php:34
Stack trace:
#0 /home/ubuntu/workspace/labs/Lab7_OtterAdmin/login.php(34): PDO->__construct('mysql:host=127....', 'Jahenderson', '')
#1 {main}
  thrown in /home/ubuntu/workspace/labs/Lab7_OtterAdmin/login.php on line 34
[07-Apr-2019 20:25:00 UTC] PHP Fatal error:  Uncaught exception 'PDOException' with message 'SQLSTATE[HY000] [1045] Access denied for user 'Jahenderson'@'localhost' (using password: NO)' in /home/ubuntu/workspace/labs/Lab7_OtterAdmin/login.php:34
Stack trace:
#0 /home/ubuntu/workspace/labs/Lab7_OtterAdmin/login.php(34): PDO->__construct('mysql:host=127....', 'Jahenderson', '')
#1 {main}
  thrown in /home/ubuntu/workspace/labs/Lab7_OtterAdmin/login.php on line 34
[07-Apr-2019 20:25:01 UTC] PHP Fatal error:  Uncaught exception 'PDOException' with message 'SQLSTATE[HY000] [1045] Access denied for user 'Jahenderson'@'localhost' (using password: NO)' in /home/ubuntu/workspace/labs/Lab7_OtterAdmin/login.php:34
Stack trace:
#0 /home/ubuntu/workspace/labs/Lab7_OtterAdmin/login.php(34): PDO->__construct('mysql:host=127....', 'Jahenderson', '')
#1 {main}
  thrown in /home/ubuntu/workspace/labs/Lab7_OtterAdmin/login.php on line 34
[07-Apr-2019 20:25:02 UTC] PHP Fatal error:  Uncaught exception 'PDOException' with message 'SQLSTATE[HY000] [1045] Access denied for user 'Jahenderson'@'localhost' (using password: NO)' in /home/ubuntu/workspace/labs/Lab7_OtterAdmin/login.php:34
Stack trace:
#0 /home/ubuntu/workspace/labs/Lab7_OtterAdmin/login.php(34): PDO->__construct('mysql:host=127....', 'Jahenderson', '')
#1 {main}
  thrown in /home/ubuntu/workspace/labs/Lab7_OtterAdmin/login.php on line 34
[07-Apr-2019 20:42:23 UTC] PHP Fatal error:  Uncaught exception 'PDOException' with message 'SQLSTATE[HY000] [1045] Access denied for user 'Jahenderson'@'localhost' (using password: NO)' in /home/ubuntu/workspace/labs/Lab7_OtterAdmin/login.php:34
Stack trace:
#0 /home/ubuntu/workspace/labs/Lab7_OtterAdmin/login.php(34): PDO->__construct('mysql:host=127....', 'Jahenderson', '')
#1 {main}
  thrown in /home/ubuntu/workspace/labs/Lab7_OtterAdmin/login.php on line 34
[07-Apr-2019 20:42:24 UTC] PHP Fatal error:  Uncaught exception 'PDOException' with message 'SQLSTATE[HY000] [1045] Access denied for user 'Jahenderson'@'localhost' (using password: NO)' in /home/ubuntu/workspace/labs/Lab7_OtterAdmin/login.php:34
Stack trace:
#0 /home/ubuntu/workspace/labs/Lab7_OtterAdmin/login.php(34): PDO->__construct('mysql:host=127....', 'Jahenderson', '')
#1 {main}
  thrown in /home/ubuntu/workspace/labs/Lab7_OtterAdmin/login.php on line 34
[07-Apr-2019 20:42:24 UTC] PHP Fatal error:  Uncaught exception 'PDOException' with message 'SQLSTATE[HY000] [1045] Access denied for user 'Jahenderson'@'localhost' (using password: NO)' in /home/ubuntu/workspace/labs/Lab7_OtterAdmin/login.php:34
Stack trace:
#0 /home/ubuntu/workspace/labs/Lab7_OtterAdmin/login.php(34): PDO->__construct('mysql:host=127....', 'Jahenderson', '')
#1 {main}
  thrown in /home/ubuntu/workspace/labs/Lab7_OtterAdmin/login.php on line 34
[07-Apr-2019 20:42:33 UTC] PHP Fatal error:  Uncaught exception 'PDOException' with message 'SQLSTATE[HY000] [1045] Access denied for user 'Jahenderson'@'localhost' (using password: NO)' in /home/ubuntu/workspace/labs/Lab7_OtterAdmin/login.php:34
Stack trace:
#0 /home/ubuntu/workspace/labs/Lab7_OtterAdmin/login.php(34): PDO->__construct('mysql:host=127....', 'Jahenderson', '')
#1 {main}
  thrown in /home/ubuntu/workspace/labs/Lab7_OtterAdmin/login.php on line 34
[07-Apr-2019 20:42:33 UTC] PHP Fatal error:  Uncaught exception 'PDOException' with message 'SQLSTATE[HY000] [1045] Access denied for user 'Jahenderson'@'localhost' (using password: NO)' in /home/ubuntu/workspace/labs/Lab7_OtterAdmin/login.php:34
Stack trace:
#0 /home/ubuntu/workspace/labs/Lab7_OtterAdmin/login.php(34): PDO->__construct('mysql:host=127....', 'Jahenderson', '')
#1 {main}
  thrown in /home/ubuntu/workspace/labs/Lab7_OtterAdmin/login.php on line 34
[07-Apr-2019 20:42:34 UTC] PHP Fatal error:  Uncaught exception 'PDOException' with message 'SQLSTATE[HY000] [1045] Access denied for user 'Jahenderson'@'localhost' (using password: NO)' in /home/ubuntu/workspace/labs/Lab7_OtterAdmin/login.php:34
Stack trace:
#0 /home/ubuntu/workspace/labs/Lab7_OtterAdmin/login.php(34): PDO->__construct('mysql:host=127....', 'Jahenderson', '')
#1 {main}
  thrown in /home/ubuntu/workspace/labs/Lab7_OtterAdmin/login.php on line 34
[07-Apr-2019 20:42:34 UTC] PHP Fatal error:  Uncaught exception 'PDOException' with message 'SQLSTATE[HY000] [1045] Access denied for user 'Jahenderson'@'localhost' (using password: NO)' in /home/ubuntu/workspace/labs/Lab7_OtterAdmin/login.php:34
Stack trace:
#0 /home/ubuntu/workspace/labs/Lab7_OtterAdmin/login.php(34): PDO->__construct('mysql:host=127....', 'Jahenderson', '')
#1 {main}
  thrown in /home/ubuntu/workspace/labs/Lab7_OtterAdmin/login.php on line 34
[07-Apr-2019 20:42:34 UTC] PHP Fatal error:  Uncaught exception 'PDOException' with message 'SQLSTATE[HY000] [1045] Access denied for user 'Jahenderson'@'localhost' (using password: NO)' in /home/ubuntu/workspace/labs/Lab7_OtterAdmin/login.php:34
Stack trace:
#0 /home/ubuntu/workspace/labs/Lab7_OtterAdmin/login.php(34): PDO->__construct('mysql:host=127....', 'Jahenderson', '')
#1 {main}
  thrown in /home/ubuntu/workspace/labs/Lab7_OtterAdmin/login.php on line 34
[07-Apr-2019 20:42:35 UTC] PHP Fatal error:  Uncaught exception 'PDOException' with message 'SQLSTATE[HY000] [1045] Access denied for user 'Jahenderson'@'localhost' (using password: NO)' in /home/ubuntu/workspace/labs/Lab7_OtterAdmin/login.php:34
Stack trace:
#0 /home/ubuntu/workspace/labs/Lab7_OtterAdmin/login.php(34): PDO->__construct('mysql:host=127....', 'Jahenderson', '')
#1 {main}
  thrown in /home/ubuntu/workspace/labs/Lab7_OtterAdmin/login.php on line 34
[07-Apr-2019 20:42:35 UTC] PHP Fatal error:  Uncaught exception 'PDOException' with message 'SQLSTATE[HY000] [1045] Access denied for user 'Jahenderson'@'localhost' (using password: NO)' in /home/ubuntu/workspace/labs/Lab7_OtterAdmin/login.php:34
Stack trace:
#0 /home/ubuntu/workspace/labs/Lab7_OtterAdmin/login.php(34): PDO->__construct('mysql:host=127....', 'Jahenderson', '')
#1 {main}
  thrown in /home/ubuntu/workspace/labs/Lab7_OtterAdmin/login.php on line 34
[07-Apr-2019 20:42:35 UTC] PHP Fatal error:  Uncaught exception 'PDOException' with message 'SQLSTATE[HY000] [1045] Access denied for user 'Jahenderson'@'localhost' (using password: NO)' in /home/ubuntu/workspace/labs/Lab7_OtterAdmin/login.php:34
Stack trace:
#0 /home/ubuntu/workspace/labs/Lab7_OtterAdmin/login.php(34): PDO->__construct('mysql:host=127....', 'Jahenderson', '')
#1 {main}
  thrown in /home/ubuntu/workspace/labs/Lab7_OtterAdmin/login.php on line 34
[07-Apr-2019 20:42:35 UTC] PHP Fatal error:  Uncaught exception 'PDOException' with message 'SQLSTATE[HY000] [1045] Access denied for user 'Jahenderson'@'localhost' (using password: NO)' in /home/ubuntu/workspace/labs/Lab7_OtterAdmin/login.php:34
Stack trace:
#0 /home/ubuntu/workspace/labs/Lab7_OtterAdmin/login.php(34): PDO->__construct('mysql:host=127....', 'Jahenderson', '')
#1 {main}
  thrown in /home/ubuntu/workspace/labs/Lab7_OtterAdmin/login.php on line 34
[07-Apr-2019 21:23:45 UTC] PHP Fatal error:  Uncaught exception 'PDOException' with message 'SQLSTATE[HY000] [1045] Access denied for user 'Jahenderson'@'localhost' (using password: NO)' in /home/ubuntu/workspace/labs/Lab7_OtterAdmin/login.php:34
Stack trace:
#0 /home/ubuntu/workspace/labs/Lab7_OtterAdmin/login.php(34): PDO->__construct('mysql:host=127....', 'Jahenderson', '')
#1 {main}
  thrown in /home/ubuntu/workspace/labs/Lab7_OtterAdmin/login.php on line 34
[07-Apr-2019 21:23:45 UTC] PHP Fatal error:  Uncaught exception 'PDOException' with message 'SQLSTATE[HY000] [1045] Access denied for user 'Jahenderson'@'localhost' (using password: NO)' in /home/ubuntu/workspace/labs/Lab7_OtterAdmin/login.php:34
Stack trace:
#0 /home/ubuntu/workspace/labs/Lab7_OtterAdmin/login.php(34): PDO->__construct('mysql:host=127....', 'Jahenderson', '')
#1 {main}
  thrown in /home/ubuntu/workspace/labs/Lab7_OtterAdmin/login.php on line 34
[07-Apr-2019 21:23:45 UTC] PHP Fatal error:  Uncaught exception 'PDOException' with message 'SQLSTATE[HY000] [1045] Access denied for user 'Jahenderson'@'localhost' (using password: NO)' in /home/ubuntu/workspace/labs/Lab7_OtterAdmin/login.php:34
Stack trace:
#0 /home/ubuntu/workspace/labs/Lab7_OtterAdmin/login.php(34): PDO->__construct('mysql:host=127....', 'Jahenderson', '')
#1 {main}
  thrown in /home/ubuntu/workspace/labs/Lab7_OtterAdmin/login.php on line 34
[15-Apr-2019 01:37:03 UTC] PHP Warning:  include(../../inc/dbConnection.php): failed to open stream: No such file or directory in /home/ubuntu/workspace/labs/lab7.1/loginProcess.php on line 5
[15-Apr-2019 01:37:03 UTC] PHP Stack trace:
[15-Apr-2019 01:37:03 UTC] PHP   1. {main}() /home/ubuntu/workspace/labs/lab7.1/loginProcess.php:0
[15-Apr-2019 01:37:03 UTC] PHP Warning:  include(): Failed opening '../../inc/dbConnection.php' for inclusion (include_path='.:/usr/share/php:/usr/share/pear') in /home/ubuntu/workspace/labs/lab7.1/loginProcess.php on line 5
[15-Apr-2019 01:37:03 UTC] PHP Stack trace:
[15-Apr-2019 01:37:03 UTC] PHP   1. {main}() /home/ubuntu/workspace/labs/lab7.1/loginProcess.php:0
[15-Apr-2019 01:37:03 UTC] PHP Fatal error:  Call to undefined function getDatabaseConnection() in /home/ubuntu/workspace/labs/lab7.1/loginProcess.php on line 7
[15-Apr-2019 01:37:03 UTC] PHP Stack trace:
[15-Apr-2019 01:37:03 UTC] PHP   1. {main}() /home/ubuntu/workspace/labs/lab7.1/loginProcess.php:0
[15-Apr-2019 01:42:36 UTC] PHP Warning:  include(../../inc/dbConnection.php): failed to open stream: No such file or directory in /home/ubuntu/workspace/labs/lab7.1/loginProcess.php on line 5
[15-Apr-2019 01:42:36 UTC] PHP Stack trace:
[15-Apr-2019 01:42:36 UTC] PHP   1. {main}() /home/ubuntu/workspace/labs/lab7.1/loginProcess.php:0
[15-Apr-2019 01:42:36 UTC] PHP Warning:  include(): Failed opening '../../inc/dbConnection.php' for inclusion (include_path='.:/usr/share/php:/usr/share/pear') in /home/ubuntu/workspace/labs/lab7.1/loginProcess.php on line 5
[15-Apr-2019 01:42:36 UTC] PHP Stack trace:
[15-Apr-2019 01:42:36 UTC] PHP   1. {main}() /home/ubuntu/workspace/labs/lab7.1/loginProcess.php:0
[15-Apr-2019 01:42:36 UTC] PHP Fatal error:  Call to undefined function getDatabaseConnection() in /home/ubuntu/workspace/labs/lab7.1/loginProcess.php on line 7
[15-Apr-2019 01:42:36 UTC] PHP Stack trace:
[15-Apr-2019 01:42:36 UTC] PHP   1. {main}() /home/ubuntu/workspace/labs/lab7.1/loginProcess.php:0
[15-Apr-2019 01:43:44 UTC] PHP Warning:  include(../../inc/dbConnection.php): failed to open stream: No such file or directory in /home/ubuntu/workspace/labs/lab7.1/loginProcess.php on line 5
[15-Apr-2019 01:43:44 UTC] PHP Stack trace:
[15-Apr-2019 01:43:44 UTC] PHP   1. {main}() /home/ubuntu/workspace/labs/lab7.1/loginProcess.php:0
[15-Apr-2019 01:43:44 UTC] PHP Warning:  include(): Failed opening '../../inc/dbConnection.php' for inclusion (include_path='.:/usr/share/php:/usr/share/pear') in /home/ubuntu/workspace/labs/lab7.1/loginProcess.php on line 5
[15-Apr-2019 01:43:44 UTC] PHP Stack trace:
[15-Apr-2019 01:43:44 UTC] PHP   1. {main}() /home/ubuntu/workspace/labs/lab7.1/loginProcess.php:0
[15-Apr-2019 01:43:44 UTC] PHP Fatal error:  Call to undefined function getDatabaseConnection() in /home/ubuntu/workspace/labs/lab7.1/loginProcess.php on line 7
[15-Apr-2019 01:43:44 UTC] PHP Stack trace:
[15-Apr-2019 01:43:44 UTC] PHP   1. {main}() /home/ubuntu/workspace/labs/lab7.1/loginProcess.php:0
[15-Apr-2019 18:02:47 UTC] PHP Parse error:  syntax error, unexpected ':' in /home/ubuntu/workspace/databaseConnection/dbConnection.php on line 17
[15-Apr-2019 18:02:47 UTC] PHP Stack trace:
[15-Apr-2019 18:02:47 UTC] PHP   1. {main}() /home/ubuntu/workspace/labs/lab7/loginProcess.php:0
[15-Apr-2019 18:10:13 UTC] PHP Parse error:  syntax error, unexpected ':' in /home/ubuntu/workspace/databaseConnection/dbConnection.php on line 17
[15-Apr-2019 18:10:13 UTC] PHP Stack trace:
[15-Apr-2019 18:10:13 UTC] PHP   1. {main}() /home/ubuntu/workspace/labs/lab7/loginProcess.php:0
